<?xml version="1.0" encoding="UTF-8"?>
<!-- Generated by org.testng.reporters.JUnitXMLReporter -->
<testsuite ignored="0" hostname="me-thinkpad-e495" failures="1" tests="3" name="Test" time="19.635" errors="0" timestamp="2022-07-18T10:29:31 IST">
  <testcase classname="tests.TestClass" name="testClass" time="3.944">
    <failure type="java.lang.AssertionError" message="expected [true] but found [false]">
      <![CDATA[java.lang.AssertionError: expected [true] but found [false]
at tests.TestClass.testClass(TestClass.java:18)
at java.base/java.util.ArrayList.forEach(ArrayList.java:1511)
... Removed 31 stack frames]]>
    </failure>
  </testcase> <!-- testClass -->
  <testcase classname="tests.LoginTest" name="login" time="1.081"/>
  <testcase classname="tests.LoginTest" name="login" time="11.034"/>
</testsuite> <!-- Test -->
